*** Using Compiler 'V5.06 update 7 (build 960)', folder: 'D:\Program Files\Arm\Keil_v5\ARM\ARMCC\Bin'
Rebuild target 'RTOS_omni_wheel_chassis'
assembling startup_stm32f407xx.s...
compiling stm32f4xx_hal_timebase_tim.c...
compiling stm32f4xx_hal_flash_ramfunc.c...
compiling stm32f4xx_hal_flash_ex.c...
compiling stm32f4xx_hal_flash.c...
compiling stm32f4xx_hal_rcc.c...
compiling stm32f4xx_hal_msp.c...
compiling gpio.c...
compiling stm32f4xx_hal_rcc_ex.c...
compiling usart.c...
compiling stm32f4xx_hal_can.c...
compiling freertos.c...
compiling stm32f4xx_it.c...
compiling main.c...
compiling dma.c...
compiling can.c...
compiling croutine.c...
compiling list.c...
compiling event_groups.c...
compiling queue.c...
compiling stream_buffer.c...
compiling tasks.c...
compiling timers.c...
compiling heap_4.c...
compiling cmsis_os.c...
compiling port.c...
compiling stm32f4xx_hal_gpio.c...
compiling stm32f4xx_hal_pwr_ex.c...
compiling stm32f4xx_hal.c...
compiling system_stm32f4xx.c...
compiling stm32f4xx_hal_cortex.c...
compiling stm32f4xx_hal_pwr.c...
compiling stm32f4xx_hal_dma.c...
compiling stm32f4xx_hal_exti.c...
compiling stm32f4xx_hal_dma_ex.c...
compiling stm32f4xx_hal_tim_ex.c...
compiling stm32f4xx_hal_uart.c...
compiling CAN_receive.c...
compiling stm32f4xx_hal_tim.c...
compiling chassis_task.c...
compiling pid.c...
compiling pid_user.c...
compiling bsp_can.c...
compiling remote_control.c...
compiling bsp_delay.c...
compiling chassis_api.c...
compiling bsp_rc.c...
linking...
Program Size: Code=12920 RO-data=540 RW-data=196 ZI-data=21060  
FromELF: creating hex file...
"RTOS_omni_wheel_chassis\RTOS_omni_wheel_chassis.axf" - 0 Error(s), 0 Warning(s).
Build Time Elapsed:  00:00:26
