*** Using Compiler 'V5.06 update 7 (build 960)', folder: 'D:\Program Files\Arm\Keil_v5\ARM\ARMCC\Bin'
Rebuild target 'helm_wheel_chassis'
assembling startup_stm32f407xx.s...
compiling stm32f4xx_hal_flash_ramfunc.c...
compiling stm32f4xx_hal_flash.c...
compiling stm32f4xx_hal_flash_ex.c...
compiling dma.c...
compiling tim.c...
compiling gpio.c...
compiling usart.c...
compiling main.c...
compiling can.c...
compiling stm32f4xx_hal_rcc_ex.c...
compiling stm32f4xx_hal_rcc.c...
compiling stm32f4xx_hal_gpio.c...
compiling stm32f4xx_it.c...
compiling stm32f4xx_hal_msp.c...
compiling stm32f4xx_hal_can.c...
compiling stm32f4xx_hal.c...
compiling stm32f4xx_hal_pwr_ex.c...
compiling system_stm32f4xx.c...
compiling pid.c...
compiling helm_wheel.c...
..\applications\Src\helm_wheel.c(150): error:  #20: identifier "Radius" is undefined
          atan_angle[0] = atan2((speed->vx + speed->vw * Radius * 0.707107f), (speed->vy + speed->vw * Radius * 0.707107f)) * 180.0f / PI;   //旋转第1象限
..\applications\Src\helm_wheel.c: 0 warnings, 1 error
compiling stm32f4xx_hal_cortex.c...
compiling stm32f4xx_hal_dma_ex.c...
compiling timer_user.c...
compiling stm32f4xx_hal_dma.c...
compiling stm32f4xx_hal_exti.c...
compiling CAN_receive.c...
compiling stm32f4xx_hal_pwr.c...
compiling stm32f4xx_hal_tim_ex.c...
compiling stm32f4xx_hal_uart.c...
compiling stm32f4xx_hal_tim.c...
compiling pid_user.c...
compiling bsp_can.c...
compiling remote_control.c...
compiling bsp_rc.c...
compiling bsp_delay.c...
"helm_wheel_chassis\helm_wheel_chassis.axf" - 1 Error(s), 0 Warning(s).
Target not created.
Build Time Elapsed:  00:00:22
