*** Using Compiler 'V5.06 update 7 (build 960)', folder: 'D:\Program Files\Arm\Keil_v5\ARM\ARMCC\Bin'
Rebuild target 'RR_RTOS_V1'
assembling startup_stm32f407xx.s...
compiling stm32f4xx_hal_timebase_tim.c...
compiling stm32f4xx_hal_can.c...
compiling stm32f4xx_hal_flash.c...
compiling stm32f4xx_hal_flash_ex.c...
compiling stm32f4xx_hal_flash_ramfunc.c...
compiling stm32f4xx_hal_rcc_ex.c...
compiling stm32f4xx_hal_rcc.c...
compiling freertos.c...
compiling can.c...
compiling dma.c...
compiling stm32f4xx_hal_msp.c...
compiling usart.c...
compiling main.c...
compiling stm32f4xx_it.c...
compiling gpio.c...
compiling list.c...
compiling croutine.c...
compiling event_groups.c...
compiling stream_buffer.c...
compiling queue.c...
compiling tasks.c...
compiling timers.c...
compiling heap_4.c...
compiling cmsis_os.c...
compiling stm32f4xx_hal_gpio.c...
compiling port.c...
compiling stm32f4xx_hal_pwr.c...
compiling stm32f4xx_hal_pwr_ex.c...
compiling stm32f4xx_hal_dma.c...
compiling system_stm32f4xx.c...
compiling stm32f4xx_hal_cortex.c...
compiling stm32f4xx_hal_dma_ex.c...
compiling stm32f4xx_hal.c...
compiling stm32f4xx_hal_exti.c...
compiling stm32f4xx_hal_tim_ex.c...
compiling stm32f4xx_hal_uart.c...
compiling stm32f4xx_hal_tim.c...
compiling CAN_receive.c...
compiling chassis_task.c...
compiling chassis_api.c...
compiling robot_behaviour_task.c...
..\applications\Src\robot_behaviour_task.c(9): warning:  #223-D: function "Remote_Control_Robot_Behavior_Set_Mode" declared implicitly
  		Remote_Control_Robot_Behavior_Set_Mode();
..\applications\Src\robot_behaviour_task.c(13): warning:  #223-D: function "Remote_Control_Robot_Behavior_Mode" declared implicitly
  		Remote_Control_Robot_Behavior_Mode();
..\applications\Src\robot_behaviour_task.c: 2 warnings, 0 errors
compiling shoot_task.c...
compiling bsp_rc.c...
compiling conveyer_task.c...
compiling pid.c...
compiling claw_task.c...
compiling pid_user.c...
compiling bsp_delay.c...
compiling bsp_can.c...
compiling remote_control.c...
compiling robot_api.c...
linking...
Program Size: Code=15364 RO-data=752 RW-data=256 ZI-data=21080  
FromELF: creating hex file...
"RR_RTOS_V1\RR_RTOS_V1.axf" - 0 Error(s), 2 Warning(s).
Build Time Elapsed:  00:00:27
