*** Using Compiler 'V5.06 update 7 (build 960)', folder: 'D:\Program Files\Arm\Keil_v5\ARM\ARMCC\Bin'
Rebuild target 'ER_V1'
assembling startup_stm32f407xx.s...
compiling can.c...
compiling stm32f4xx_hal_msp.c...
compiling stm32f4xx_it.c...
compiling usart.c...
compiling stm32f4xx_hal_flash.c...
compiling dma.c...
compiling stm32f4xx_hal_timebase_tim.c...
compiling stm32f4xx_hal_flash_ramfunc.c...
compiling stm32f4xx_hal_rcc_ex.c...
compiling main.c...
compiling stm32f4xx_hal_flash_ex.c...
compiling gpio.c...
compiling freertos.c...
compiling stm32f4xx_hal_can.c...
compiling stm32f4xx_hal_rcc.c...
compiling croutine.c...
compiling list.c...
compiling event_groups.c...
compiling stream_buffer.c...
compiling queue.c...
compiling tasks.c...
compiling timers.c...
compiling heap_4.c...
compiling cmsis_os.c...
compiling port.c...
compiling stm32f4xx_hal_gpio.c...
compiling stm32f4xx_hal.c...
compiling stm32f4xx_hal_dma_ex.c...
compiling system_stm32f4xx.c...
compiling stm32f4xx_hal_cortex.c...
compiling stm32f4xx_hal_dma.c...
compiling stm32f4xx_hal_pwr_ex.c...
compiling stm32f4xx_hal_pwr.c...
compiling stm32f4xx_hal_exti.c...
compiling stm32f4xx_hal_tim_ex.c...
compiling stm32f4xx_hal_uart.c...
compiling stm32f4xx_hal_tim.c...
compiling CAN_receive.c...
compiling chassis_task.c...
compiling pid.c...
compiling remote_control.c...
compiling bsp_rc.c...
compiling bsp_delay.c...
compiling pid_user.c...
compiling bsp_can.c...
compiling shoot_task.c...
compiling claw_task.c...
compiling helm_wheel.c...
linking...
ER_V1\ER_V1.axf: Error: L6200E: Symbol USART3_IRQHandler multiply defined (by remote_control.o and stm32f4xx_it.o).
Not enough information to list image symbols.
Not enough information to list load addresses in the image map.
Finished: 2 information, 0 warning and 1 error messages.
"ER_V1\ER_V1.axf" - 1 Error(s), 0 Warning(s).
Target not created.
Build Time Elapsed:  00:00:23
