*** Using Compiler 'V5.06 update 7 (build 960)', folder: 'D:\Program Files\Arm\Keil_v5\ARM\ARMCC\Bin'
Rebuild target 'helm_wheel_chassis'
assembling startup_stm32f407xx.s...
compiling stm32f4xx_hal_flash_ex.c...
compiling stm32f4xx_hal_flash_ramfunc.c...
compiling stm32f4xx_hal_flash.c...
compiling main.c...
compiling stm32f4xx_it.c...
compiling gpio.c...
compiling stm32f4xx_hal_rcc.c...
compiling stm32f4xx_hal_msp.c...
compiling stm32f4xx_hal_rcc_ex.c...
compiling tim.c...
compiling stm32f4xx_hal_gpio.c...
compiling can.c...
compiling stm32f4xx_hal_can.c...
compiling dma.c...
compiling usart.c...
compiling timer_user.c...
..\applications\Src\timer_user.c(43): error:  #167: argument of type "fp32 *" is incompatible with parameter of type "int16_t *"
  		helm_wheel_speed_calc(&absolute_chassis_speed,Speed_Motor_Target);
..\applications\Src\timer_user.c(44): warning:  #223-D: function "helm_wheel_angle_calc" declared implicitly
  		helm_wheel_angle_calc(&absolute_chassis_speed,Angle_Helm_Target);
..\applications\Src\timer_user.c(45): warning:  #223-D: function "CHASSIS_Loop_Out" declared implicitly
  		CHASSIS_Loop_Out();
..\applications\Src\timer_user.c: 2 warnings, 1 error
compiling stm32f4xx_hal_pwr_ex.c...
compiling helm_wheel.c...
..\applications\Src\helm_wheel.c(166): warning:  #175-D: subscript out of range
      helm_wheel_angle[3] = (fp32)(atan_angle[4] * 22.75);
..\applications\Src\helm_wheel.c(179): warning:  #223-D: function "Find_min_Angle" declared implicitly
          if (fabs(Find_min_Angle(angle_temp, helm_wheel_angle[1])) > 2048)
..\applications\Src\helm_wheel.c(228): warning: C4487E: read from variable 'atan_angle' with offset out of bounds
}
..\applications\Src\helm_wheel.c: 3 warnings, 0 errors
compiling stm32f4xx_hal.c...
compiling stm32f4xx_hal_dma_ex.c...
compiling stm32f4xx_hal_cortex.c...
compiling system_stm32f4xx.c...
compiling stm32f4xx_hal_exti.c...
compiling stm32f4xx_hal_dma.c...
compiling CAN_receive.c...
compiling stm32f4xx_hal_pwr.c...
compiling pid.c...
compiling stm32f4xx_hal_tim_ex.c...
compiling stm32f4xx_hal_uart.c...
compiling stm32f4xx_hal_tim.c...
compiling remote_control.c...
compiling pid_user.c...
compiling bsp_can.c...
compiling bsp_rc.c...
compiling bsp_delay.c...
"helm_wheel_chassis\helm_wheel_chassis.axf" - 1 Error(s), 5 Warning(s).
Target not created.
Build Time Elapsed:  00:00:19
