*** Using Compiler 'V5.06 update 7 (build 960)', folder: 'D:\Program Files\Arm\Keil_v5\ARM\ARMCC\Bin'
Rebuild target 'CA'
assembling startup_stm32f407xx.s...
compiling main.c...
compiling stm32f4xx_hal_flash.c...
compiling dma.c...
compiling gpio.c...
compiling stm32f4xx_hal_flash_ramfunc.c...
compiling stm32f4xx_it.c...
compiling can.c...
compiling stm32f4xx_hal_flash_ex.c...
compiling stm32f4xx_hal_rcc.c...
compiling stm32f4xx_hal_msp.c...
compiling tim.c...
compiling usart.c...
compiling stm32f4xx_hal_gpio.c...
compiling stm32f4xx_hal_rcc_ex.c...
compiling stm32f4xx_hal_can.c...
compiling can_receive.c...
compiling stm32f4xx_hal_dma_ex.c...
compiling stm32f4xx_hal_exti.c...
compiling pid.c...
compiling stm32f4xx_hal_pwr_ex.c...
compiling tim_user.c...
compiling stm32f4xx_hal_uart.c...
compiling stm32f4xx_hal.c...
compiling stm32f4xx_hal_cortex.c...
compiling stm32f4xx_hal_pwr.c...
compiling system_stm32f4xx.c...
compiling pid_user.c...
compiling stm32f4xx_hal_tim.c...
compiling stm32f4xx_hal_dma.c...
compiling stm32f4xx_hal_tim_ex.c...
compiling remote_control.c...
compiling bsp_rc.c...
linking...
Program Size: Code=11314 RO-data=458 RW-data=100 ZI-data=3476  
FromELF: creating hex file...
"CA\CA.axf" - 0 Error(s), 0 Warning(s).
Build Time Elapsed:  00:00:24
